<?xml version="1.0" encoding="UTF-8"?>
<testsuite xmlns:xsi="http://www.w3.org/2001/XMLSchema-instance" xsi:noNamespaceSchemaLocation="https://maven.apache.org/surefire/maven-surefire-plugin/xsd/surefire-test-report-3.0.xsd" version="3.0" name="com.talentpulse.auth.AuthServiceApplicationTests" time="8.205" tests="6" errors="0" skipped="0" failures="0">
  <properties>
[...]
</properties>
  <testcase name="testSuccessfulRecruiterRegistration" classname="com.talentpulse.auth.AuthServiceApplicationTests" time="0.793">
    <system-out><![CDATA[20:31:09.230 [main] INFO org.springframework.test.context.support.AnnotationConfigContextLoaderUtils -- Could not detect default configuration classes for test class [com.talentpulse.auth.AuthServiceApplicationTests]: AuthServiceApplicationTests does not declare any static, non-private, non-final, nested classes annotated with @Configuration.
20:31:09.426 [main] INFO org.springframework.boot.test.context.SpringBootTestContextBootstrapper -- Found @SpringBootConfiguration com.talentpulse.auth.AuthServiceApplication for test class com.talentpulse.auth.AuthServiceApplicationTests
  .   ____          _            __ _ _
 /\\ / ___'_ __ _ _(_)_ __  __ _ \ \ \ \
( ( )\___ | '_ | '_| | '_ \/ _` | \ \ \ \
 \\/  ___)| |_)| | | | | || (_| |  ) ) ) )
  '  |____| .__|_| |_|_| |_\__, | / / / /
 =========|_|==============|___/=/_/_/_/

 :: Spring Boot ::                (v3.3.0)

2026-09-15T20:31:10.079+05:30  INFO 16444 --- [auth-service] [           main] c.t.auth.AuthServiceApplicationTests     : Starting AuthServiceApplicationTests using Java 21.0.9 with PID 16444 (started by bkira in E:\TalentPulse\backend\auth-service)
2026-09-15T20:31:10.082+05:30 DEBUG 16444 --- [auth-service] [           main] c.t.auth.AuthServiceApplicationTests     : Running with Spring Boot v3.3.0, Spring v6.1.8
2026-09-15T20:31:10.082+05:30  INFO 16444 --- [auth-service] [           main] c.t.auth.AuthServiceApplicationTests     : No active profile set, falling back to 1 default profile: "default"
2026-09-15T20:31:11.469+05:30  INFO 16444 --- [auth-service] [           main] .s.d.r.c.RepositoryConfigurationDelegate : Bootstrapping Spring Data JPA repositories in DEFAULT mode.
2026-09-15T20:31:11.556+05:30  INFO 16444 --- [auth-service] [           main] .s.d.r.c.RepositoryConfigurationDelegate : Finished Spring Data repository scanning in 66 ms. Found 1 JPA repository interface.
2026-09-15T20:31:12.427+05:30  INFO 16444 --- [auth-service] [           main] o.hibernate.jpa.internal.util.LogHelper  : HHH000204: Processing PersistenceUnitInfo [name: default]
2026-09-15T20:31:12.513+05:30  INFO 16444 --- [auth-service] [           main] org.hibernate.Version                    : HHH000412: Hibernate ORM core version 6.5.2.Final
2026-09-15T20:31:12.561+05:30  INFO 16444 --- [auth-service] [           main] o.h.c.internal.RegionFactoryInitiator    : HHH000026: Second-level cache disabled
2026-09-15T20:31:12.972+05:30  INFO 16444 --- [auth-service] [           main] o.s.o.j.p.SpringPersistenceUnitInfo      : No LoadTimeWeaver setup: ignoring JPA class transformer
2026-09-15T20:31:13.008+05:30  INFO 16444 --- [auth-service] [           main] com.zaxxer.hikari.HikariDataSource       : HikariPool-1 - Starting...
2026-09-15T20:31:13.171+05:30  INFO 16444 --- [auth-service] [           main] com.zaxxer.hikari.pool.HikariPool        : HikariPool-1 - Added connection conn0: url=jdbc:h2:mem:talentpulse_auth user=SA
2026-09-15T20:31:13.177+05:30  INFO 16444 --- [auth-service] [           main] com.zaxxer.hikari.HikariDataSource       : HikariPool-1 - Start completed.
2026-09-15T20:31:13.243+05:30  WARN 16444 --- [auth-service] [           main] org.hibernate.dialect.Dialect            : HHH000511: The 2.2.224 version for [org.hibernate.dialect.MySQLDialect] is no longer supported, hence certain features may not work properly. The minimum supported version is 8.0.0. Check the community dialects project for available legacy versions.
2026-09-15T20:31:13.249+05:30  WARN 16444 --- [auth-service] [           main] org.hibernate.orm.deprecation            : HHH90000025: MySQLDialect does not need to be specified explicitly using 'hibernate.dialect' (remove the property setting and it will be selected by default)
2026-09-15T20:31:14.018+05:30  INFO 16444 --- [auth-service] [           main] o.h.e.t.j.p.i.JtaPlatformInitiator       : HHH000489: No JTA platform available (set 'hibernate.transaction.jta.platform' to enable JTA platform integration)
Hibernate: 
    drop table if exists users
Hibernate: 
    create table users (
        created_at datetime(6) not null,
        id bigint not null auto_increment,
        email varchar(255) not null,
        full_name varchar(255) not null,
        password varchar(255) not null,
        role enum ('ADMIN','JOB_SEEKER','RECRUITER') not null,
        primary key (id)
    ) engine=InnoDB
Hibernate: 
    alter table users 
       add constraint UK6dotkott2kjsp8vw4d0m25fb7 unique (email)
2026-09-15T20:31:14.050+05:30  INFO 16444 --- [auth-service] [           main] j.LocalContainerEntityManagerFactoryBean : Initialized JPA EntityManagerFactory for persistence unit 'default'
2026-09-15T20:31:14.654+05:30  WARN 16444 --- [auth-service] [           main] JpaBaseConfiguration$JpaWebConfiguration : spring.jpa.open-in-view is enabled by default. Therefore, database queries may be performed during view rendering. Explicitly configure spring.jpa.open-in-view to disable this warning
2026-09-15T20:31:14.691+05:30  WARN 16444 --- [auth-service] [           main] .s.s.UserDetailsServiceAutoConfiguration : 

Using generated security password: bc9f3d3e-1261-4d3a-8f5f-01800b85509e

This generated password is for development use only. Your security configuration must be updated before running your application in production.

2026-09-15T20:31:14.715+05:30  INFO 16444 --- [auth-service] [           main] r$InitializeUserDetailsManagerConfigurer : Global AuthenticationManager configured with UserDetailsService bean with name inMemoryUserDetailsManager
2026-09-15T20:31:15.148+05:30  INFO 16444 --- [auth-service] [           main] o.s.s.web.DefaultSecurityFilterChain     : Will secure any request with [org.springframework.security.web.session.DisableEncodeUrlFilter@1454339d, org.springframework.security.web.context.request.async.WebAsyncManagerIntegrationFilter@1df8e685, org.springframework.security.web.context.SecurityContextHolderFilter@6c0bf8f4, org.springframework.security.web.header.HeaderWriterFilter@2c02cf78, org.springframework.web.filter.CorsFilter@78723798, org.springframework.security.web.authentication.logout.LogoutFilter@48614fb3, com.talentpulse.auth.security.JwtAuthenticationFilter@75559cd9, org.springframework.security.web.savedrequest.RequestCacheAwareFilter@52b77d5e, org.springframework.security.web.servletapi.SecurityContextHolderAwareRequestFilter@7890324e, org.springframework.security.web.authentication.AnonymousAuthenticationFilter@ab3b54, org.springframework.security.web.session.SessionManagementFilter@193c810, org.springframework.security.web.access.ExceptionTranslationFilter@759c53e5, org.springframework.security.web.access.intercept.AuthorizationFilter@1a3272e0]
2026-09-15T20:31:15.666+05:30  INFO 16444 --- [auth-service] [           main] c.t.auth.AuthServiceApplicationTests     : Started AuthServiceApplicationTests in 5.955 seconds (process running for 7.68)
Hibernate: 
    select
        u1_0.id,
        u1_0.created_at,
        u1_0.email,
        u1_0.full_name,
        u1_0.password,
        u1_0.role 
    from
        users u1_0
Hibernate: 
    select
        u1_0.id 
    from
        users u1_0 
    where
        u1_0.email=? 
    limit
        ?
Hibernate: 
    insert 
    into
        users
        (created_at, email, full_name, password, role) 
    values
        (?, ?, ?, ?, ?)
]]></system-out>
    <system-err><![CDATA[WARNING: A Java agent has been loaded dynamically (C:\Users\bkira\.m2\repository\net\bytebuddy\byte-buddy-agent\1.14.16\byte-buddy-agent-1.14.16.jar)
WARNING: If a serviceability tool is in use, please run with -XX:+EnableDynamicAgentLoading to hide this warning
WARNING: If a serviceability tool is not in use, please run with -Djdk.instrument.traceUsage for more information
WARNING: Dynamic loading of agents will be disallowed by default in a future release
]]></system-err>
  </testcase>
  <testcase name="testLoginWithIncorrectPasswordFails" classname="com.talentpulse.auth.AuthServiceApplicationTests" time="0.169">
    <system-out><![CDATA[Hibernate: 
    select
        u1_0.id,
        u1_0.created_at,
        u1_0.email,
        u1_0.full_name,
        u1_0.password,
        u1_0.role 
    from
        users u1_0
Hibernate: 
    delete 
    from
        users 
    where
        id=?
Hibernate: 
    select
        u1_0.id 
    from
        users u1_0 
    where
        u1_0.email=? 
    limit
        ?
Hibernate: 
    insert 
    into
        users
        (created_at, email, full_name, password, role) 
    values
        (?, ?, ?, ?, ?)
Hibernate: 
    select
        u1_0.id,
        u1_0.created_at,
        u1_0.email,
        u1_0.full_name,
        u1_0.password,
        u1_0.role 
    from
        users u1_0 
    where
        u1_0.email=?
]]></system-out>
  </testcase>
  <testcase name="testSuccessfulJobSeekerRegistration" classname="com.talentpulse.auth.AuthServiceApplicationTests" time="0.169">
    <system-out><![CDATA[Hibernate: 
    select
        u1_0.id,
        u1_0.created_at,
        u1_0.email,
        u1_0.full_name,
        u1_0.password,
        u1_0.role 
    from
        users u1_0
Hibernate: 
    delete 
    from
        users 
    where
        id=?
Hibernate: 
    select
        u1_0.id 
    from
        users u1_0 
    where
        u1_0.email=? 
    limit
        ?
Hibernate: 
    insert 
    into
        users
        (created_at, email, full_name, password, role) 
    values
        (?, ?, ?, ?, ?)
Hibernate: 
    select
        u1_0.id,
        u1_0.created_at,
        u1_0.email,
        u1_0.full_name,
        u1_0.password,
        u1_0.role 
    from
        users u1_0 
    where
        u1_0.email=?
]]></system-out>
  </testcase>
  <testcase name="testAdminRegistrationRejected" classname="com.talentpulse.auth.AuthServiceApplicationTests" time="0.009">
    <system-out><![CDATA[Hibernate: 
    select
        u1_0.id,
        u1_0.created_at,
        u1_0.email,
        u1_0.full_name,
        u1_0.password,
        u1_0.role 
    from
        users u1_0
Hibernate: 
    delete 
    from
        users 
    where
        id=?
]]></system-out>
  </testcase>
  <testcase name="testDuplicateEmailRegistrationRejected" classname="com.talentpulse.auth.AuthServiceApplicationTests" time="0.075">
    <system-out><![CDATA[Hibernate: 
    select
        u1_0.id,
        u1_0.created_at,
        u1_0.email,
        u1_0.full_name,
        u1_0.password,
        u1_0.role 
    from
        users u1_0
Hibernate: 
    select
        u1_0.id 
    from
        users u1_0 
    where
        u1_0.email=? 
    limit
        ?
Hibernate: 
    insert 
    into
        users
        (created_at, email, full_name, password, role) 
    values
        (?, ?, ?, ?, ?)
Hibernate: 
    select
        u1_0.id 
    from
        users u1_0 
    where
        u1_0.email=? 
    limit
        ?
]]></system-out>
  </testcase>
  <testcase name="testSuccessfulLogin" classname="com.talentpulse.auth.AuthServiceApplicationTests" time="0.2">
    <system-out><![CDATA[Hibernate: 
    select
        u1_0.id,
        u1_0.created_at,
        u1_0.email,
        u1_0.full_name,
        u1_0.password,
        u1_0.role 
    from
        users u1_0
Hibernate: 
    delete 
    from
        users 
    where
        id=?
Hibernate: 
    select
        u1_0.id 
    from
        users u1_0 
    where
        u1_0.email=? 
    limit
        ?
Hibernate: 
    insert 
    into
        users
        (created_at, email, full_name, password, role) 
    values
        (?, ?, ?, ?, ?)
Hibernate: 
    select
        u1_0.id,
        u1_0.created_at,
        u1_0.email,
        u1_0.full_name,
        u1_0.password,
        u1_0.role 
    from
        users u1_0 
    where
        u1_0.email=?
]]></system-out>
  </testcase>
</testsuite>